============================== Prover9 ===============================
Prover9 (32) version Dec-2007, Dec 2007.
Process 14352 was started by svato on LAPTOP-4LCISTU5,
Mon Nov 21 10:52:15 2022
The command was "prover9 -f contradiction.in".
============================== end of head ===========================

============================== INPUT =================================

% Reading from file contradiction.in

set(quiet).

formulas(sos).
(all x P(x)).
(exists x -P(x)).
end_of_list.

============================== end of input ==========================

============================== PROCESS NON-CLAUSAL FORMULAS ==========

% Formulas that are not ordinary clauses:
1 (all x P(x)) # label(non_clause).  [assumption].
2 (exists x -P(x)) # label(non_clause).  [assumption].

============================== end of process non-clausal formulas ===

============================== PROCESS INITIAL CLAUSES ===============

% Clauses before input processing:

formulas(usable).
end_of_list.

formulas(sos).
P(x).  [clausify(1)].
-P(c1).  [clausify(2)].
end_of_list.

formulas(demodulators).
end_of_list.

============================== PREDICATE ELIMINATION =================
3 -P(c1).  [clausify(2)].
4 P(x).  [clausify(1)].
Derived: $F.  [resolve(3,a,4,a)].

============================== end predicate elimination =============

Auto_denials:  (no changes).

Term ordering decisions:

============================== PROOF =================================

% Proof 1 at 0.05 (+ 0.01) seconds.
% Length of proof is 5.
% Level of proof is 2.
% Maximum clause weight is 0.
% Given clauses 0.

1 (all x P(x)) # label(non_clause).  [assumption].
2 (exists x -P(x)) # label(non_clause).  [assumption].
3 -P(c1).  [clausify(2)].
4 P(x).  [clausify(1)].
5 $F.  [resolve(3,a,4,a)].

============================== end of proof ==========================

============================== STATISTICS ============================

Given=0. Generated=1. Kept=0. proofs=1.
Usable=0. Sos=0. Demods=0. Limbo=0, Disabled=3. Hints=0.
Weight_deleted=0. Literals_deleted=0.
Forward_subsumed=0. Back_subsumed=0.
Sos_limit_deleted=0. Sos_displaced=0. Sos_removed=0.
New_demodulators=0 (0 lex), Back_demodulated=0. Back_unit_deleted=0.
Demod_attempts=0. Demod_rewrites=0.
Res_instance_prunes=0. Para_instance_prunes=0. Basic_paramod_prunes=0.
Nonunit_fsub_feature_tests=0. Nonunit_bsub_feature_tests=0.
Megabytes=0.01.
User_CPU=0.05, System_CPU=0.01, Wall_clock=0.

============================== end of statistics =====================

============================== end of search =========================

THEOREM PROVED

Exiting with 1 proof.

Process 14352 exit (max_proofs) Mon Nov 21 10:52:15 2022
