============================== Prover9 ===============================
Prover9 (32) version Dec-2007, Dec 2007.
Process 24212 was started by svato on LAPTOP-4LCISTU5,
Mon Nov 21 10:52:37 2022
The command was "prover9 -f probablysat.in".
============================== end of head ===========================

============================== INPUT =================================

% Reading from file probablysat.in

set(quiet).

formulas(sos).
(all x P(x)).
end_of_list.

============================== end of input ==========================

============================== PROCESS NON-CLAUSAL FORMULAS ==========

% Formulas that are not ordinary clauses:
1 (all x P(x)) # label(non_clause).  [assumption].

============================== end of process non-clausal formulas ===

============================== PROCESS INITIAL CLAUSES ===============

% Clauses before input processing:

formulas(usable).
end_of_list.

formulas(sos).
P(x).  [clausify(1)].
end_of_list.

formulas(demodulators).
end_of_list.

============================== PREDICATE ELIMINATION =================

============================== end predicate elimination =============

Auto_denials:  (no changes).

Term ordering decisions:

============================== end of process initial clauses ========

============================== CLAUSES FOR SEARCH ====================

% Clauses after input processing:

formulas(usable).
end_of_list.

formulas(sos).
end_of_list.

formulas(demodulators).
end_of_list.

============================== end of clauses for search =============

============================== SEARCH ================================

% Starting search at 0.00 seconds.

============================== STATISTICS ============================

Given=0. Generated=0. Kept=0. proofs=0.
Usable=0. Sos=0. Demods=0. Limbo=0, Disabled=1. Hints=0.
Weight_deleted=0. Literals_deleted=0.
Forward_subsumed=0. Back_subsumed=0.
Sos_limit_deleted=0. Sos_displaced=0. Sos_removed=0.
New_demodulators=0 (0 lex), Back_demodulated=0. Back_unit_deleted=0.
Demod_attempts=0. Demod_rewrites=0.
Res_instance_prunes=0. Para_instance_prunes=0. Basic_paramod_prunes=0.
Nonunit_fsub_feature_tests=0. Nonunit_bsub_feature_tests=0.
Megabytes=0.01.
User_CPU=0.00, System_CPU=0.06, Wall_clock=0.

============================== end of statistics =====================

============================== end of search =========================

SEARCH FAILED

Exiting with failure.

Process 24212 exit (sos_empty) Mon Nov 21 10:52:37 2022
